<?xml version="1.0" encoding="UTF-8"?>
<!-- Generated by org.testng.reporters.JUnitReportReporter -->
<testsuite skipped="0" hostname="DESKTOP-1LUFFLH" name="loginpage.LoginTest" tests="2" failures="0" timestamp="2020-02-06T20:03:12 IST" time="26.795" errors="0">
  <testcase name="loginTest1" time="13.927" classname="loginpage.LoginTest"/>
  <testcase name="loginTest1" time="12.868" classname="loginpage.LoginTest"/>
</testsuite> <!-- loginpage.LoginTest -->
