<?xml version="1.0" encoding="UTF-8"?>
<!-- Generated by org.testng.reporters.JUnitReportReporter -->
<testsuite skipped="1" hostname="DESKTOP-1LUFFLH" name="loginpage.LoginTest2" tests="1" failures="0" timestamp="2020-02-06T20:00:10 IST" time="0.000" errors="0">
  <testcase name="loginTest" time="0.000" classname="loginpage.LoginTest2">
    <skipped/>
  </testcase> <!-- loginTest -->
</testsuite> <!-- loginpage.LoginTest2 -->
